2025-07-10 18:25:08:258 [31merror[39m: [31muncaughtException: You have a method and a property in your schema both named "isLocked"[39m
[31mError: You have a method and a property in your schema both named "isLocked"[39m
[31m    at applyMethods (/home/justo/Desktop/NewFolder/mern-app/node_modules/mongoose/lib/helpers/model/applyMethods.js:32:13)[39m
[31m    at Function.compile (/home/justo/Desktop/NewFolder/mern-app/node_modules/mongoose/lib/model.js:4861:3)[39m
[31m    at Mongoose._model (/home/justo/Desktop/NewFolder/mern-app/node_modules/mongoose/lib/mongoose.js:665:27)[39m
[31m    at Mongoose.model (/home/justo/Desktop/NewFolder/mern-app/node_modules/mongoose/lib/mongoose.js:622:27)[39m
[31m    at Object.<anonymous> (/home/justo/Desktop/NewFolder/mern-app/backend/models/User.ts:317:23)[39m
[31m    at Module._compile (node:internal/modules/cjs/loader:1730:14)[39m
[31m    at Module.m._compile (/home/justo/Desktop/NewFolder/mern-app/node_modules/ts-node/src/index.ts:1618:23)[39m
[31m    at node:internal/modules/cjs/loader:1895:10[39m
[31m    at Object.require.extensions.<computed> [as .ts] (/home/justo/Desktop/NewFolder/mern-app/node_modules/ts-node/src/index.ts:1621:12)[39m
[31m    at Module.load (node:internal/modules/cjs/loader:1465:32)[39m
2025-07-10 18:25:43:2543 [31merror[39m: [31muncaughtException: You have a method and a property in your schema both named "isLocked"[39m
[31mError: You have a method and a property in your schema both named "isLocked"[39m
[31m    at applyMethods (/home/justo/Desktop/NewFolder/mern-app/node_modules/mongoose/lib/helpers/model/applyMethods.js:32:13)[39m
[31m    at Function.compile (/home/justo/Desktop/NewFolder/mern-app/node_modules/mongoose/lib/model.js:4861:3)[39m
[31m    at Mongoose._model (/home/justo/Desktop/NewFolder/mern-app/node_modules/mongoose/lib/mongoose.js:665:27)[39m
[31m    at Mongoose.model (/home/justo/Desktop/NewFolder/mern-app/node_modules/mongoose/lib/mongoose.js:622:27)[39m
[31m    at Object.<anonymous> (/home/justo/Desktop/NewFolder/mern-app/backend/models/User.ts:317:23)[39m
[31m    at Module._compile (node:internal/modules/cjs/loader:1730:14)[39m
[31m    at Module.m._compile (/home/justo/Desktop/NewFolder/mern-app/node_modules/ts-node/src/index.ts:1618:23)[39m
[31m    at node:internal/modules/cjs/loader:1895:10[39m
[31m    at Object.require.extensions.<computed> [as .ts] (/home/justo/Desktop/NewFolder/mern-app/node_modules/ts-node/src/index.ts:1621:12)[39m
[31m    at Module.load (node:internal/modules/cjs/loader:1465:32)[39m
2025-07-10 18:30:04:304 [31merror[39m: [31muncaughtException: You have a method and a property in your schema both named "isLocked"[39m
[31mError: You have a method and a property in your schema both named "isLocked"[39m
[31m    at applyMethods (/home/justo/Desktop/NewFolder/mern-app/node_modules/mongoose/lib/helpers/model/applyMethods.js:32:13)[39m
[31m    at Function.compile (/home/justo/Desktop/NewFolder/mern-app/node_modules/mongoose/lib/model.js:4861:3)[39m
[31m    at Mongoose._model (/home/justo/Desktop/NewFolder/mern-app/node_modules/mongoose/lib/mongoose.js:665:27)[39m
[31m    at Mongoose.model (/home/justo/Desktop/NewFolder/mern-app/node_modules/mongoose/lib/mongoose.js:622:27)[39m
[31m    at Object.<anonymous> (/home/justo/Desktop/NewFolder/mern-app/backend/models/User.ts:317:23)[39m
[31m    at Module._compile (node:internal/modules/cjs/loader:1730:14)[39m
[31m    at Module.m._compile (/home/justo/Desktop/NewFolder/mern-app/node_modules/ts-node/src/index.ts:1618:23)[39m
[31m    at node:internal/modules/cjs/loader:1895:10[39m
[31m    at Object.require.extensions.<computed> [as .ts] (/home/justo/Desktop/NewFolder/mern-app/node_modules/ts-node/src/index.ts:1621:12)[39m
[31m    at Module.load (node:internal/modules/cjs/loader:1465:32)[39m
2025-07-10 18:36:40:3640 [31merror[39m: [31muncaughtException: You have a method and a property in your schema both named "isLocked"[39m
[31mError: You have a method and a property in your schema both named "isLocked"[39m
[31m    at applyMethods (/home/justo/Desktop/NewFolder/mern-app/node_modules/mongoose/lib/helpers/model/applyMethods.js:32:13)[39m
[31m    at Function.compile (/home/justo/Desktop/NewFolder/mern-app/node_modules/mongoose/lib/model.js:4861:3)[39m
[31m    at Mongoose._model (/home/justo/Desktop/NewFolder/mern-app/node_modules/mongoose/lib/mongoose.js:665:27)[39m
[31m    at Mongoose.model (/home/justo/Desktop/NewFolder/mern-app/node_modules/mongoose/lib/mongoose.js:622:27)[39m
[31m    at Object.<anonymous> (/home/justo/Desktop/NewFolder/mern-app/backend/models/User.ts:317:23)[39m
[31m    at Module._compile (node:internal/modules/cjs/loader:1730:14)[39m
[31m    at Module.m._compile (/home/justo/Desktop/NewFolder/mern-app/node_modules/ts-node/src/index.ts:1618:23)[39m
[31m    at node:internal/modules/cjs/loader:1895:10[39m
[31m    at Object.require.extensions.<computed> [as .ts] (/home/justo/Desktop/NewFolder/mern-app/node_modules/ts-node/src/index.ts:1621:12)[39m
[31m    at Module.load (node:internal/modules/cjs/loader:1465:32)[39m
2025-07-10 18:37:19:3719 [31merror[39m: [31muncaughtException: You have a method and a property in your schema both named "isLocked"[39m
[31mError: You have a method and a property in your schema both named "isLocked"[39m
[31m    at applyMethods (/home/justo/Desktop/NewFolder/mern-app/node_modules/mongoose/lib/helpers/model/applyMethods.js:32:13)[39m
[31m    at Function.compile (/home/justo/Desktop/NewFolder/mern-app/node_modules/mongoose/lib/model.js:4861:3)[39m
[31m    at Mongoose._model (/home/justo/Desktop/NewFolder/mern-app/node_modules/mongoose/lib/mongoose.js:665:27)[39m
[31m    at Mongoose.model (/home/justo/Desktop/NewFolder/mern-app/node_modules/mongoose/lib/mongoose.js:622:27)[39m
[31m    at Object.<anonymous> (/home/justo/Desktop/NewFolder/mern-app/backend/models/User.ts:317:23)[39m
[31m    at Module._compile (node:internal/modules/cjs/loader:1730:14)[39m
[31m    at Module.m._compile (/home/justo/Desktop/NewFolder/mern-app/node_modules/ts-node/src/index.ts:1618:23)[39m
[31m    at node:internal/modules/cjs/loader:1895:10[39m
[31m    at Object.require.extensions.<computed> [as .ts] (/home/justo/Desktop/NewFolder/mern-app/node_modules/ts-node/src/index.ts:1621:12)[39m
[31m    at Module.load (node:internal/modules/cjs/loader:1465:32)[39m
2025-07-10 18:37:44:3744 [31merror[39m: [31muncaughtException: You have a method and a property in your schema both named "isLocked"[39m
[31mError: You have a method and a property in your schema both named "isLocked"[39m
[31m    at applyMethods (/home/justo/Desktop/NewFolder/mern-app/node_modules/mongoose/lib/helpers/model/applyMethods.js:32:13)[39m
[31m    at Function.compile (/home/justo/Desktop/NewFolder/mern-app/node_modules/mongoose/lib/model.js:4861:3)[39m
[31m    at Mongoose._model (/home/justo/Desktop/NewFolder/mern-app/node_modules/mongoose/lib/mongoose.js:665:27)[39m
[31m    at Mongoose.model (/home/justo/Desktop/NewFolder/mern-app/node_modules/mongoose/lib/mongoose.js:622:27)[39m
[31m    at Object.<anonymous> (/home/justo/Desktop/NewFolder/mern-app/backend/models/User.ts:317:23)[39m
[31m    at Module._compile (node:internal/modules/cjs/loader:1730:14)[39m
[31m    at Module.m._compile (/home/justo/Desktop/NewFolder/mern-app/node_modules/ts-node/src/index.ts:1618:23)[39m
[31m    at node:internal/modules/cjs/loader:1895:10[39m
[31m    at Object.require.extensions.<computed> [as .ts] (/home/justo/Desktop/NewFolder/mern-app/node_modules/ts-node/src/index.ts:1621:12)[39m
[31m    at Module.load (node:internal/modules/cjs/loader:1465:32)[39m
2025-07-10 18:44:40:4440 [31merror[39m: [31muncaughtException: You have a method and a property in your schema both named "isLocked"[39m
[31mError: You have a method and a property in your schema both named "isLocked"[39m
[31m    at applyMethods (/home/justo/Desktop/NewFolder/mern-app/node_modules/mongoose/lib/helpers/model/applyMethods.js:32:13)[39m
[31m    at Function.compile (/home/justo/Desktop/NewFolder/mern-app/node_modules/mongoose/lib/model.js:4861:3)[39m
[31m    at Mongoose._model (/home/justo/Desktop/NewFolder/mern-app/node_modules/mongoose/lib/mongoose.js:665:27)[39m
[31m    at Mongoose.model (/home/justo/Desktop/NewFolder/mern-app/node_modules/mongoose/lib/mongoose.js:622:27)[39m
[31m    at Object.<anonymous> (/home/justo/Desktop/NewFolder/mern-app/backend/models/User.ts:317:23)[39m
[31m    at Module._compile (node:internal/modules/cjs/loader:1730:14)[39m
[31m    at Module.m._compile (/home/justo/Desktop/NewFolder/mern-app/node_modules/ts-node/src/index.ts:1618:23)[39m
[31m    at node:internal/modules/cjs/loader:1895:10[39m
[31m    at Object.require.extensions.<computed> [as .ts] (/home/justo/Desktop/NewFolder/mern-app/node_modules/ts-node/src/index.ts:1621:12)[39m
[31m    at Module.load (node:internal/modules/cjs/loader:1465:32)[39m
2025-07-10 18:44:40:4440 [31merror[39m: [31muncaughtException: You have a method and a property in your schema both named "isLocked"[39m
[31mError: You have a method and a property in your schema both named "isLocked"[39m
[31m    at applyMethods (/home/justo/Desktop/NewFolder/mern-app/node_modules/mongoose/lib/helpers/model/applyMethods.js:32:13)[39m
[31m    at Function.compile (/home/justo/Desktop/NewFolder/mern-app/node_modules/mongoose/lib/model.js:4861:3)[39m
[31m    at Mongoose._model (/home/justo/Desktop/NewFolder/mern-app/node_modules/mongoose/lib/mongoose.js:665:27)[39m
[31m    at Mongoose.model (/home/justo/Desktop/NewFolder/mern-app/node_modules/mongoose/lib/mongoose.js:622:27)[39m
[31m    at Object.<anonymous> (/home/justo/Desktop/NewFolder/mern-app/backend/models/User.ts:317:23)[39m
[31m    at Module._compile (node:internal/modules/cjs/loader:1730:14)[39m
[31m    at Module.m._compile (/home/justo/Desktop/NewFolder/mern-app/node_modules/ts-node/src/index.ts:1618:23)[39m
[31m    at node:internal/modules/cjs/loader:1895:10[39m
[31m    at Object.require.extensions.<computed> [as .ts] (/home/justo/Desktop/NewFolder/mern-app/node_modules/ts-node/src/index.ts:1621:12)[39m
[31m    at Module.load (node:internal/modules/cjs/loader:1465:32)[39m
2025-07-10 18:45:33:4533 [31merror[39m: [31muncaughtException: You have a method and a property in your schema both named "isLocked"[39m
[31mError: You have a method and a property in your schema both named "isLocked"[39m
[31m    at applyMethods (/home/justo/Desktop/NewFolder/mern-app/node_modules/mongoose/lib/helpers/model/applyMethods.js:32:13)[39m
[31m    at Function.compile (/home/justo/Desktop/NewFolder/mern-app/node_modules/mongoose/lib/model.js:4861:3)[39m
[31m    at Mongoose._model (/home/justo/Desktop/NewFolder/mern-app/node_modules/mongoose/lib/mongoose.js:665:27)[39m
[31m    at Mongoose.model (/home/justo/Desktop/NewFolder/mern-app/node_modules/mongoose/lib/mongoose.js:622:27)[39m
[31m    at Object.<anonymous> (/home/justo/Desktop/NewFolder/mern-app/backend/models/User.ts:317:23)[39m
[31m    at Module._compile (node:internal/modules/cjs/loader:1730:14)[39m
[31m    at Module.m._compile (/home/justo/Desktop/NewFolder/mern-app/node_modules/ts-node/src/index.ts:1618:23)[39m
[31m    at node:internal/modules/cjs/loader:1895:10[39m
[31m    at Object.require.extensions.<computed> [as .ts] (/home/justo/Desktop/NewFolder/mern-app/node_modules/ts-node/src/index.ts:1621:12)[39m
[31m    at Module.load (node:internal/modules/cjs/loader:1465:32)[39m
2025-07-10 18:46:40:4640 [31merror[39m: [31muncaughtException: You have a method and a property in your schema both named "isLocked"[39m
[31mError: You have a method and a property in your schema both named "isLocked"[39m
[31m    at applyMethods (/home/justo/Desktop/NewFolder/mern-app/node_modules/mongoose/lib/helpers/model/applyMethods.js:32:13)[39m
[31m    at Function.compile (/home/justo/Desktop/NewFolder/mern-app/node_modules/mongoose/lib/model.js:4861:3)[39m
[31m    at Mongoose._model (/home/justo/Desktop/NewFolder/mern-app/node_modules/mongoose/lib/mongoose.js:665:27)[39m
[31m    at Mongoose.model (/home/justo/Desktop/NewFolder/mern-app/node_modules/mongoose/lib/mongoose.js:622:27)[39m
[31m    at Object.<anonymous> (/home/justo/Desktop/NewFolder/mern-app/backend/models/User.ts:317:23)[39m
[31m    at Module._compile (node:internal/modules/cjs/loader:1730:14)[39m
[31m    at Module.m._compile (/home/justo/Desktop/NewFolder/mern-app/node_modules/ts-node/src/index.ts:1618:23)[39m
[31m    at node:internal/modules/cjs/loader:1895:10[39m
[31m    at Object.require.extensions.<computed> [as .ts] (/home/justo/Desktop/NewFolder/mern-app/node_modules/ts-node/src/index.ts:1621:12)[39m
[31m    at Module.load (node:internal/modules/cjs/loader:1465:32)[39m
2025-07-10 18:47:04:474 [31merror[39m: [31muncaughtException: You have a method and a property in your schema both named "isLocked"[39m
[31mError: You have a method and a property in your schema both named "isLocked"[39m
[31m    at applyMethods (/home/justo/Desktop/NewFolder/mern-app/node_modules/mongoose/lib/helpers/model/applyMethods.js:32:13)[39m
[31m    at Function.compile (/home/justo/Desktop/NewFolder/mern-app/node_modules/mongoose/lib/model.js:4861:3)[39m
[31m    at Mongoose._model (/home/justo/Desktop/NewFolder/mern-app/node_modules/mongoose/lib/mongoose.js:665:27)[39m
[31m    at Mongoose.model (/home/justo/Desktop/NewFolder/mern-app/node_modules/mongoose/lib/mongoose.js:622:27)[39m
[31m    at Object.<anonymous> (/home/justo/Desktop/NewFolder/mern-app/backend/models/User.ts:317:23)[39m
[31m    at Module._compile (node:internal/modules/cjs/loader:1730:14)[39m
[31m    at Module.m._compile (/home/justo/Desktop/NewFolder/mern-app/node_modules/ts-node/src/index.ts:1618:23)[39m
[31m    at node:internal/modules/cjs/loader:1895:10[39m
[31m    at Object.require.extensions.<computed> [as .ts] (/home/justo/Desktop/NewFolder/mern-app/node_modules/ts-node/src/index.ts:1621:12)[39m
[31m    at Module.load (node:internal/modules/cjs/loader:1465:32)[39m
2025-07-10 20:06:58:658 [31merror[39m: [31muncaughtException: You have a method and a property in your schema both named "isLocked"[39m
[31mError: You have a method and a property in your schema both named "isLocked"[39m
[31m    at applyMethods (/home/justo/Desktop/NewFolder/mern-app/node_modules/mongoose/lib/helpers/model/applyMethods.js:32:13)[39m
[31m    at Function.compile (/home/justo/Desktop/NewFolder/mern-app/node_modules/mongoose/lib/model.js:4861:3)[39m
[31m    at Mongoose._model (/home/justo/Desktop/NewFolder/mern-app/node_modules/mongoose/lib/mongoose.js:665:27)[39m
[31m    at Mongoose.model (/home/justo/Desktop/NewFolder/mern-app/node_modules/mongoose/lib/mongoose.js:622:27)[39m
[31m    at Object.<anonymous> (/home/justo/Desktop/NewFolder/mern-app/backend/models/User.ts:317:23)[39m
[31m    at Module._compile (node:internal/modules/cjs/loader:1730:14)[39m
[31m    at Module.m._compile (/home/justo/Desktop/NewFolder/mern-app/node_modules/ts-node/src/index.ts:1618:23)[39m
[31m    at node:internal/modules/cjs/loader:1895:10[39m
[31m    at Object.require.extensions.<computed> [as .ts] (/home/justo/Desktop/NewFolder/mern-app/node_modules/ts-node/src/index.ts:1621:12)[39m
[31m    at Module.load (node:internal/modules/cjs/loader:1465:32)[39m
2025-07-10 20:22:15:2215 [31merror[39m: [31muncaughtException: You have a method and a property in your schema both named "isLocked"[39m
[31mError: You have a method and a property in your schema both named "isLocked"[39m
[31m    at applyMethods (/home/justo/Desktop/NewFolder/mern-app/node_modules/mongoose/lib/helpers/model/applyMethods.js:32:13)[39m
[31m    at Function.compile (/home/justo/Desktop/NewFolder/mern-app/node_modules/mongoose/lib/model.js:4861:3)[39m
[31m    at Mongoose._model (/home/justo/Desktop/NewFolder/mern-app/node_modules/mongoose/lib/mongoose.js:665:27)[39m
[31m    at Mongoose.model (/home/justo/Desktop/NewFolder/mern-app/node_modules/mongoose/lib/mongoose.js:622:27)[39m
[31m    at Object.<anonymous> (/home/justo/Desktop/NewFolder/mern-app/backend/models/User.ts:317:23)[39m
[31m    at Module._compile (node:internal/modules/cjs/loader:1730:14)[39m
[31m    at Module.m._compile (/home/justo/Desktop/NewFolder/mern-app/node_modules/ts-node/src/index.ts:1618:23)[39m
[31m    at node:internal/modules/cjs/loader:1895:10[39m
[31m    at Object.require.extensions.<computed> [as .ts] (/home/justo/Desktop/NewFolder/mern-app/node_modules/ts-node/src/index.ts:1621:12)[39m
[31m    at Module.load (node:internal/modules/cjs/loader:1465:32)[39m
2025-07-10 20:49:58:4958 [31merror[39m: [31muncaughtException: You have a method and a property in your schema both named "isLocked"[39m
[31mError: You have a method and a property in your schema both named "isLocked"[39m
[31m    at applyMethods (/home/justo/Desktop/NewFolder/mern-app/node_modules/mongoose/lib/helpers/model/applyMethods.js:32:13)[39m
[31m    at Function.compile (/home/justo/Desktop/NewFolder/mern-app/node_modules/mongoose/lib/model.js:4861:3)[39m
[31m    at Mongoose._model (/home/justo/Desktop/NewFolder/mern-app/node_modules/mongoose/lib/mongoose.js:665:27)[39m
[31m    at Mongoose.model (/home/justo/Desktop/NewFolder/mern-app/node_modules/mongoose/lib/mongoose.js:622:27)[39m
[31m    at Object.<anonymous> (/home/justo/Desktop/NewFolder/mern-app/backend/models/User.ts:317:23)[39m
[31m    at Module._compile (node:internal/modules/cjs/loader:1730:14)[39m
[31m    at Module.m._compile (/home/justo/Desktop/NewFolder/mern-app/node_modules/ts-node/src/index.ts:1618:23)[39m
[31m    at node:internal/modules/cjs/loader:1895:10[39m
[31m    at Object.require.extensions.<computed> [as .ts] (/home/justo/Desktop/NewFolder/mern-app/node_modules/ts-node/src/index.ts:1621:12)[39m
[31m    at Module.load (node:internal/modules/cjs/loader:1465:32)[39m
